<?xml version="1.0" encoding="UTF-8"?>
<!-- Generated by org.testng.reporters.JUnitReportReporter -->
<testsuite skipped="0" hostname="DESKTOP-THTD9N4" name="com.automation.tests.TaxInvoiceTest" tests="3" failures="0" timestamp="2021-03-23T01:22:37 IST" time="12.461" errors="0">
  <testcase name="navigateToTaxInvoicePage" time="3.532" classname="com.automation.tests.TaxInvoiceTest"/>
  <system-out/>
  <testcase name="navigateToAddTaxInvoicePage" time="5.216" classname="com.automation.tests.TaxInvoiceTest"/>
  <system-out/>
  <testcase name="backToTaxInvoicePage" time="3.713" classname="com.automation.tests.TaxInvoiceTest"/>
  <system-out/>
</testsuite> <!-- com.automation.tests.TaxInvoiceTest -->
