<?xml version="1.0" encoding="UTF-8"?>
<!-- Generated by org.testng.reporters.JUnitReportReporter -->
<testsuite skipped="0" hostname="DESKTOP-THTD9N4" name="com.automation.tests.TaxInvoiceTest" tests="3" failures="0" timestamp="2021-04-16T02:25:27 IST" time="17.975" errors="0">
  <testcase name="navigateToTaxInvoicePage" time="6.841" classname="com.automation.tests.TaxInvoiceTest"/>
  <system-out/>
  <testcase name="navigateToAddTaxInvoicePage" time="8.407" classname="com.automation.tests.TaxInvoiceTest"/>
  <system-out/>
  <testcase name="checkCurrencyValidationMsg" time="2.727" classname="com.automation.tests.TaxInvoiceTest"/>
  <system-out/>
</testsuite> <!-- com.automation.tests.TaxInvoiceTest -->
