<?xml version="1.0" encoding="UTF-8"?>
<!-- Generated by org.testng.reporters.JUnitReportReporter -->
<testsuite skipped="0" hostname="DESKTOP-THTD9N4" name="com.automation.tests.TaxInvoiceTest" tests="2" failures="0" timestamp="2021-03-21T19:52:35 IST" time="9.051" errors="0">
  <testcase name="navigateToTaxInvoicePage" time="2.712" classname="com.automation.tests.TaxInvoiceTest"/>
  <system-out/>
  <testcase name="navigateToAddTaxInvoicePage" time="6.339" classname="com.automation.tests.TaxInvoiceTest"/>
  <system-out/>
</testsuite> <!-- com.automation.tests.TaxInvoiceTest -->
