<?xml version="1.0" encoding="UTF-8"?>
<!-- Generated by org.testng.reporters.JUnitReportReporter -->
<testsuite skipped="0" hostname="DESKTOP-THTD9N4" name="com.automation.tests.TaxInvoiceTest" tests="50" failures="0" timestamp="2021-04-19T18:55:52 IST" time="298.609" errors="1">
  <testcase name="navigateToTaxInvoicePage" time="8.018" classname="com.automation.tests.TaxInvoiceTest"/>
  <system-out/>
  <testcase name="navigateToAddTaxInvoicePage" time="9.610" classname="com.automation.tests.TaxInvoiceTest"/>
  <system-out/>
  <testcase name="backToTaxInvoicePage" time="4.068" classname="com.automation.tests.TaxInvoiceTest"/>
  <system-out/>
  <testcase name="validation" time="5.490" classname="com.automation.tests.TaxInvoiceTest"/>
  <system-out/>
  <testcase name="invoiceTypeValidation" time="4.794" classname="com.automation.tests.TaxInvoiceTest"/>
  <system-out/>
  <testcase name="checkSameAsBillingAddressFunctionality" time="11.893" classname="com.automation.tests.TaxInvoiceTest"/>
  <system-out/>
  <testcase name="verifyIndianAlertMessage" time="5.696" classname="com.automation.tests.TaxInvoiceTest"/>
  <system-out/>
  <testcase name="verifySupplyReverseCharge" time="2.727" classname="com.automation.tests.TaxInvoiceTest"/>
  <system-out/>
  <testcase name="verifyIgstValue" time="3.784" classname="com.automation.tests.TaxInvoiceTest"/>
  <system-out/>
  <testcase name="verifyCgstAndSgstValue" time="4.208" classname="com.automation.tests.TaxInvoiceTest"/>
  <system-out/>
  <testcase name="verifyIgstActFunctionality" time="4.389" classname="com.automation.tests.TaxInvoiceTest"/>
  <system-out/>
  <testcase name="verifyRedirectionToTaxInvoicePage" time="12.061" classname="com.automation.tests.TaxInvoiceTest"/>
  <system-out/>
  <testcase name="verifyCreatedInvoice" time="23.247" classname="com.automation.tests.TaxInvoiceTest"/>
  <system-out/>
  <testcase name="verifyInvoiceCreationWithoutShippingAddress" time="17.960" classname="com.automation.tests.TaxInvoiceTest"/>
  <system-out/>
  <testcase name="verifyMultipleLineItems" time="37.887" classname="com.automation.tests.TaxInvoiceTest">
    <error type="org.openqa.selenium.NoSuchElementException" message="no such element: Unable to locate element: {&quot;method&quot;:&quot;xpath&quot;,&quot;selector&quot;:&quot;//tbody/tr[6]/td[1]/div[1]/div[1]/select[1]&quot;}
  (Session info: chrome=89.0.4389.128)
For documentation on this error, please visit: https://www.seleniumhq.org/exceptions/no_such_element.html
Build info: version: &#039;3.141.59&#039;, revision: &#039;e82be7d358&#039;, time: &#039;2018-11-14T08:17:03&#039;
System info: host: &#039;DESKTOP-THTD9N4&#039;, ip: &#039;192.168.8.85&#039;, os.name: &#039;Windows 10&#039;, os.arch: &#039;amd64&#039;, os.version: &#039;10.0&#039;, java.version: &#039;1.8.0_271&#039;
Driver info: org.openqa.selenium.chrome.ChromeDriver
Capabilities {acceptInsecureCerts: false, browserName: chrome, browserVersion: 89.0.4389.128, chrome: {chromedriverVersion: 89.0.4389.23 (61b08ee2c5002..., userDataDir: C:\Users\SSD\AppData\Local\...}, goog:chromeOptions: {debuggerAddress: localhost:57495}, javascriptEnabled: true, networkConnectionEnabled: false, pageLoadStrategy: normal, platform: WINDOWS, platformName: WINDOWS, proxy: Proxy(), setWindowRect: true, strictFileInteractability: false, timeouts: {implicit: 0, pageLoad: 300000, script: 30000}, unhandledPromptBehavior: dismiss and notify, webauthn:extension:largeBlob: true, webauthn:virtualAuthenticators: true}
Session ID: c00026136d9fdc310b0ab8b5d31221ba
*** Element info: {Using=xpath, value=//tbody/tr[6]/td[1]/div[1]/div[1]/select[1]}">
      <![CDATA[org.openqa.selenium.NoSuchElementException: no such element: Unable to locate element: {"method":"xpath","selector":"//tbody/tr[6]/td[1]/div[1]/div[1]/select[1]"}
  (Session info: chrome=89.0.4389.128)
For documentation on this error, please visit: https://www.seleniumhq.org/exceptions/no_such_element.html
Build info: version: '3.141.59', revision: 'e82be7d358', time: '2018-11-14T08:17:03'
System info: host: 'DESKTOP-THTD9N4', ip: '192.168.8.85', os.name: 'Windows 10', os.arch: 'amd64', os.version: '10.0', java.version: '1.8.0_271'
Driver info: org.openqa.selenium.chrome.ChromeDriver
Capabilities {acceptInsecureCerts: false, browserName: chrome, browserVersion: 89.0.4389.128, chrome: {chromedriverVersion: 89.0.4389.23 (61b08ee2c5002..., userDataDir: C:\Users\SSD\AppData\Local\...}, goog:chromeOptions: {debuggerAddress: localhost:57495}, javascriptEnabled: true, networkConnectionEnabled: false, pageLoadStrategy: normal, platform: WINDOWS, platformName: WINDOWS, proxy: Proxy(), setWindowRect: true, strictFileInteractability: false, timeouts: {implicit: 0, pageLoad: 300000, script: 30000}, unhandledPromptBehavior: dismiss and notify, webauthn:extension:largeBlob: true, webauthn:virtualAuthenticators: true}
Session ID: c00026136d9fdc310b0ab8b5d31221ba
*** Element info: {Using=xpath, value=//tbody/tr[6]/td[1]/div[1]/div[1]/select[1]}
at sun.reflect.NativeConstructorAccessorImpl.newInstance0(Native Method)
at sun.reflect.NativeConstructorAccessorImpl.newInstance(Unknown Source)
at sun.reflect.DelegatingConstructorAccessorImpl.newInstance(Unknown Source)
at java.lang.reflect.Constructor.newInstance(Unknown Source)
at org.openqa.selenium.remote.http.W3CHttpResponseCodec.createException(W3CHttpResponseCodec.java:187)
at org.openqa.selenium.remote.http.W3CHttpResponseCodec.decode(W3CHttpResponseCodec.java:122)
at org.openqa.selenium.remote.http.W3CHttpResponseCodec.decode(W3CHttpResponseCodec.java:49)
at org.openqa.selenium.remote.HttpCommandExecutor.execute(HttpCommandExecutor.java:158)
at org.openqa.selenium.remote.service.DriverCommandExecutor.execute(DriverCommandExecutor.java:83)
at org.openqa.selenium.remote.RemoteWebDriver.execute(RemoteWebDriver.java:552)
at org.openqa.selenium.remote.RemoteWebDriver.findElement(RemoteWebDriver.java:323)
at org.openqa.selenium.remote.RemoteWebDriver.findElementByXPath(RemoteWebDriver.java:428)
at org.openqa.selenium.By$ByXPath.findElement(By.java:353)
at org.openqa.selenium.remote.RemoteWebDriver.findElement(RemoteWebDriver.java:315)
at com.automation.pages.TaxInvoice.enterMultipleLineItems(TaxInvoice.java:317)
at com.automation.tests.TaxInvoiceTest.verifyMultipleLineItems(TaxInvoiceTest.java:191)
at sun.reflect.NativeMethodAccessorImpl.invoke0(Native Method)
at sun.reflect.NativeMethodAccessorImpl.invoke(Unknown Source)
at sun.reflect.DelegatingMethodAccessorImpl.invoke(Unknown Source)
at java.lang.reflect.Method.invoke(Unknown Source)
at org.testng.internal.MethodInvocationHelper.invokeMethod(MethodInvocationHelper.java:132)
at org.testng.internal.TestInvoker.invokeMethod(TestInvoker.java:599)
at org.testng.internal.TestInvoker.invokeTestMethod(TestInvoker.java:174)
at org.testng.internal.MethodRunner.runInSequence(MethodRunner.java:46)
at org.testng.internal.TestInvoker$MethodInvocationAgent.invoke(TestInvoker.java:822)
at org.testng.internal.TestInvoker.invokeTestMethods(TestInvoker.java:147)
at org.testng.internal.TestMethodWorker.invokeTestMethods(TestMethodWorker.java:146)
at org.testng.internal.TestMethodWorker.run(TestMethodWorker.java:128)
at java.util.ArrayList.forEach(Unknown Source)
at org.testng.TestRunner.privateRun(TestRunner.java:764)
at org.testng.TestRunner.run(TestRunner.java:585)
at org.testng.SuiteRunner.runTest(SuiteRunner.java:384)
at org.testng.SuiteRunner.runSequentially(SuiteRunner.java:378)
at org.testng.SuiteRunner.privateRun(SuiteRunner.java:337)
at org.testng.SuiteRunner.run(SuiteRunner.java:286)
at org.testng.SuiteRunnerWorker.runSuite(SuiteRunnerWorker.java:53)
at org.testng.SuiteRunnerWorker.run(SuiteRunnerWorker.java:96)
at org.testng.TestNG.runSuitesSequentially(TestNG.java:1218)
at org.testng.TestNG.runSuitesLocally(TestNG.java:1140)
at org.testng.TestNG.runSuites(TestNG.java:1069)
at org.testng.TestNG.run(TestNG.java:1037)
at org.testng.remote.AbstractRemoteTestNG.run(AbstractRemoteTestNG.java:115)
at org.testng.remote.RemoteTestNG.initAndRun(RemoteTestNG.java:251)
at org.testng.remote.RemoteTestNG.main(RemoteTestNG.java:77)
]]>
    </error>
  </testcase> <!-- verifyMultipleLineItems -->
  <system-out/>
  <testcase name="deleteMultipleLineItems" time="21.355" classname="com.automation.tests.TaxInvoiceTest"/>
  <system-out/>
  <testcase name="gstinFieldDisplayCheck1" time="2.406" classname="com.automation.tests.TaxInvoiceTest"/>
  <system-out/>
  <testcase name="gstinFieldDisplayCheck2" time="2.801" classname="com.automation.tests.TaxInvoiceTest"/>
  <system-out/>
  <testcase name="gstinFieldDisplayCheck3" time="3.782" classname="com.automation.tests.TaxInvoiceTest"/>
  <system-out/>
  <testcase name="gstinFieldDisplayCheck4" time="1.501" classname="com.automation.tests.TaxInvoiceTest"/>
  <system-out/>
  <testcase name="gstinFieldDisplayCheck5" time="3.291" classname="com.automation.tests.TaxInvoiceTest"/>
  <system-out/>
  <testcase name="posFieldDisplayCheck1" time="2.979" classname="com.automation.tests.TaxInvoiceTest"/>
  <system-out/>
  <testcase name="posFieldDisplayCheck2" time="3.004" classname="com.automation.tests.TaxInvoiceTest"/>
  <system-out/>
  <testcase name="posFieldDisplayCheck3" time="3.357" classname="com.automation.tests.TaxInvoiceTest"/>
  <system-out/>
  <testcase name="posFieldDisplayCheck4" time="3.011" classname="com.automation.tests.TaxInvoiceTest"/>
  <system-out/>
  <testcase name="posFieldDisplayCheck5" time="3.148" classname="com.automation.tests.TaxInvoiceTest"/>
  <system-out/>
  <testcase name="suppClaimDisplayCheck1" time="3.459" classname="com.automation.tests.TaxInvoiceTest"/>
  <system-out/>
  <testcase name="suppClaimDisplayCheck2" time="3.280" classname="com.automation.tests.TaxInvoiceTest"/>
  <system-out/>
  <testcase name="suppClaimDisplayCheck3" time="4.250" classname="com.automation.tests.TaxInvoiceTest"/>
  <system-out/>
  <testcase name="suppClaimDisplayCheck4" time="2.925" classname="com.automation.tests.TaxInvoiceTest"/>
  <system-out/>
  <testcase name="suppClaimDisplayCheck5" time="3.189" classname="com.automation.tests.TaxInvoiceTest"/>
  <system-out/>
  <testcase name="igstActDisplayCheck1" time="3.079" classname="com.automation.tests.TaxInvoiceTest"/>
  <system-out/>
  <testcase name="igstActDisplayCheck2" time="1.316" classname="com.automation.tests.TaxInvoiceTest"/>
  <system-out/>
  <testcase name="igstActDisplayCheck3" time="3.252" classname="com.automation.tests.TaxInvoiceTest"/>
  <system-out/>
  <testcase name="igstActDisplayCheck4" time="3.192" classname="com.automation.tests.TaxInvoiceTest"/>
  <system-out/>
  <testcase name="igstActDisplayCheck5" time="4.068" classname="com.automation.tests.TaxInvoiceTest"/>
  <system-out/>
  <testcase name="differentialPercentagDisplayCheck1" time="5.163" classname="com.automation.tests.TaxInvoiceTest"/>
  <system-out/>
  <testcase name="differentialPercentagDisplayCheck2" time="3.407" classname="com.automation.tests.TaxInvoiceTest"/>
  <system-out/>
  <testcase name="differentialPercentagDisplayCheck3" time="3.327" classname="com.automation.tests.TaxInvoiceTest"/>
  <system-out/>
  <testcase name="differentialPercentagDisplayCheck4" time="3.418" classname="com.automation.tests.TaxInvoiceTest"/>
  <system-out/>
  <testcase name="differentialPercentagDisplayCheck5" time="3.264" classname="com.automation.tests.TaxInvoiceTest"/>
  <system-out/>
  <testcase name="taxCalcualtionSezwop" time="4.379" classname="com.automation.tests.TaxInvoiceTest"/>
  <system-out/>
  <testcase name="taxCalcualtionExwop" time="4.683" classname="com.automation.tests.TaxInvoiceTest"/>
  <system-out/>
  <testcase name="taxCalcualtionDe" time="6.160" classname="com.automation.tests.TaxInvoiceTest"/>
  <system-out/>
  <testcase name="taxCalcualtionSezwp" time="4.603" classname="com.automation.tests.TaxInvoiceTest"/>
  <system-out/>
  <testcase name="taxCalcualtionExwp" time="4.388" classname="com.automation.tests.TaxInvoiceTest"/>
  <system-out/>
  <testcase name="checkExportTypevalidationMsg" time="3.275" classname="com.automation.tests.TaxInvoiceTest"/>
  <system-out/>
  <testcase name="checkShipBillNoValidationMsg" time="5.757" classname="com.automation.tests.TaxInvoiceTest"/>
  <system-out/>
  <testcase name="checkShipBillExDateValidationMsg" time="6.207" classname="com.automation.tests.TaxInvoiceTest"/>
  <system-out/>
  <testcase name="checkCurrencyValidationMsg" time="2.101" classname="com.automation.tests.TaxInvoiceTest"/>
  <system-out/>
</testsuite> <!-- com.automation.tests.TaxInvoiceTest -->
