<?xml version="1.0" encoding="UTF-8"?>
<!-- Generated by org.testng.reporters.JUnitReportReporter -->
<testsuite skipped="0" hostname="DESKTOP-THTD9N4" name="com.automation.TaxInvoice" tests="1" failures="0" timestamp="2021-03-17T18:24:09 IST" time="0.012" errors="0">
  <testcase name="login" time="0.012" classname="com.automation.TaxInvoice"/>
</testsuite> <!-- com.automation.TaxInvoice -->
