<?xml version="1.0" encoding="UTF-8"?>
<!-- Generated by org.testng.reporters.JUnitReportReporter -->
<testsuite skipped="0" hostname="DESKTOP-THTD9N4" name="com.automation.tests.BillOfSupplyTest" tests="1" failures="0" timestamp="2021-03-20T17:03:52 IST" time="7.139" errors="0">
  <testcase name="navigateToBillOfSupplyPage" time="7.139" classname="com.automation.tests.BillOfSupplyTest"/>
  <system-out/>
</testsuite> <!-- com.automation.tests.BillOfSupplyTest -->
