<?xml version="1.0" encoding="UTF-8"?>
<!-- Generated by org.testng.reporters.JUnitReportReporter -->
<testsuite skipped="0" hostname="DESKTOP-THTD9N4" name="com.automation.tests.TaxInvoiceTest" tests="12" failures="0" timestamp="2021-03-31T03:32:01 IST" time="52.875" errors="0">
  <testcase name="navigateToTaxInvoicePage" time="5.112" classname="com.automation.tests.TaxInvoiceTest"/>
  <system-out/>
  <testcase name="navigateToAddTaxInvoicePage" time="3.888" classname="com.automation.tests.TaxInvoiceTest"/>
  <system-out/>
  <testcase name="backToTaxInvoicePage" time="4.549" classname="com.automation.tests.TaxInvoiceTest"/>
  <system-out/>
  <testcase name="validation" time="2.757" classname="com.automation.tests.TaxInvoiceTest"/>
  <system-out/>
  <testcase name="invoiceTypeValidation" time="2.972" classname="com.automation.tests.TaxInvoiceTest"/>
  <system-out/>
  <testcase name="checkSameAsBillingAddressFunctionality" time="5.389" classname="com.automation.tests.TaxInvoiceTest"/>
  <system-out/>
  <testcase name="verifyIndianAlertMessage" time="6.696" classname="com.automation.tests.TaxInvoiceTest"/>
  <system-out/>
  <testcase name="verifySupplyReverseCharge" time="2.269" classname="com.automation.tests.TaxInvoiceTest"/>
  <system-out/>
  <testcase name="verifyIgstValue" time="3.812" classname="com.automation.tests.TaxInvoiceTest"/>
  <system-out/>
  <testcase name="verifyCgstAndSgstValue" time="3.986" classname="com.automation.tests.TaxInvoiceTest"/>
  <system-out/>
  <testcase name="verifyIgstActFunctionality" time="4.191" classname="com.automation.tests.TaxInvoiceTest"/>
  <system-out/>
  <testcase name="verifyRedirectionToTaxInvoicePage" time="7.254" classname="com.automation.tests.TaxInvoiceTest"/>
  <system-out/>
</testsuite> <!-- com.automation.tests.TaxInvoiceTest -->
