<?xml version="1.0" encoding="UTF-8"?>
<!-- Generated by org.testng.reporters.JUnitReportReporter -->
<testsuite skipped="0" hostname="DESKTOP-THTD9N4" name="com.automation.tests.TaxInvoice" tests="2" failures="0" timestamp="2021-03-17T19:34:18 IST" time="8.755" errors="0">
  <testcase name="navigateToTaxInvoicePage" time="8.019" classname="com.automation.tests.TaxInvoice"/>
  <system-out/>
  <testcase name="test" time="0.736" classname="com.automation.tests.TaxInvoice"/>
  <system-out/>
</testsuite> <!-- com.automation.tests.TaxInvoice -->
